<?xml version="1.0" encoding="UTF-8"?>
<testng-results ignored="0" total="1" passed="1" failed="0" skipped="0">
  <reporter-output>
  </reporter-output>
  <suite started-at="2021-05-14T18:10:56 AEST" name="Suite" finished-at="2021-05-14T18:11:03 AEST" duration-ms="6919">
    <groups>
    </groups>
    <test started-at="2021-05-14T18:10:56 AEST" name="Test" finished-at="2021-05-14T18:11:03 AEST" duration-ms="6919">
      <class name="com.testng.firstpack.TestOne">
        <test-method signature="test1()[pri:0, instance:com.testng.firstpack.TestOne@400cff1a]" started-at="2021-05-14T18:10:56 AEST" name="test1" finished-at="2021-05-14T18:11:03 AEST" duration-ms="6890" status="PASS">
          <reporter-output>
          </reporter-output>
        </test-method> <!-- test1 -->
      </class> <!-- com.testng.firstpack.TestOne -->
    </test> <!-- Test -->
  </suite> <!-- Suite -->
</testng-results>
