<?xml version="1.0" encoding="UTF-8"?>
<testng-results ignored="0" total="1" passed="1" failed="0" skipped="0">
  <reporter-output>
  </reporter-output>
  <suite started-at="2021-05-14T17:37:21 AEST" name="Default suite" finished-at="2021-05-14T17:37:26 AEST" duration-ms="4598">
    <groups>
    </groups>
    <test started-at="2021-05-14T17:37:21 AEST" name="Default test" finished-at="2021-05-14T17:37:26 AEST" duration-ms="4598">
      <class name="com.testng.firstpack.TestOne">
        <test-method signature="test1()[pri:0, instance:com.testng.firstpack.TestOne@45b9a632]" started-at="2021-05-14T17:37:21 AEST" name="test1" finished-at="2021-05-14T17:37:26 AEST" duration-ms="4567" status="PASS">
          <reporter-output>
          </reporter-output>
        </test-method> <!-- test1 -->
      </class> <!-- com.testng.firstpack.TestOne -->
    </test> <!-- Default test -->
  </suite> <!-- Default suite -->
</testng-results>
